<?xml version="1.0" encoding="UTF-8"?>
<testng-results skipped="0" failed="2" ignored="0" total="5" passed="3">
  <reporter-output>
  </reporter-output>
  <suite name="Default suite" duration-ms="95647" started-at="2021-02-01T14:00:48 IST" finished-at="2021-02-01T14:02:23 IST">
    <groups>
    </groups>
    <test name="Default test" duration-ms="95647" started-at="2021-02-01T14:00:48 IST" finished-at="2021-02-01T14:02:23 IST">
      <class name="com.crm.qa.testcases.StoryTellerSanityTest">
        <test-method status="PASS" signature="SanityStart()[pri:0, instance:com.crm.qa.testcases.StoryTellerSanityTest@46daef40]" name="SanityStart" is-config="true" duration-ms="29" started-at="2021-02-01T14:00:48 IST" finished-at="2021-02-01T14:00:48 IST">
          <reporter-output>
          </reporter-output>
        </test-method> <!-- SanityStart -->
        <test-method status="PASS" signature="Login()[pri:0, instance:com.crm.qa.testcases.StoryTellerSanityTest@46daef40]" name="Login" is-config="true" duration-ms="16997" started-at="2021-02-01T14:00:48 IST" finished-at="2021-02-01T14:01:05 IST">
          <reporter-output>
          </reporter-output>
        </test-method> <!-- Login -->
        <test-method status="PASS" signature="VaildateUserLogin()[pri:1, instance:com.crm.qa.testcases.StoryTellerSanityTest@46daef40]" name="VaildateUserLogin" duration-ms="43788" started-at="2021-02-01T14:01:05 IST" description="Login with valid Credentials" finished-at="2021-02-01T14:01:49 IST">
          <reporter-output>
          </reporter-output>
        </test-method> <!-- VaildateUserLogin -->
        <test-method status="PASS" signature="NavigateToLibraryPage()[pri:2, instance:com.crm.qa.testcases.StoryTellerSanityTest@46daef40]" name="NavigateToLibraryPage" duration-ms="314" started-at="2021-02-01T14:01:49 IST" description="Navigate To LibraryPage" finished-at="2021-02-01T14:01:49 IST">
          <reporter-output>
          </reporter-output>
        </test-method> <!-- NavigateToLibraryPage -->
        <test-method status="PASS" signature="DragandDropTheAssets()[pri:3, instance:com.crm.qa.testcases.StoryTellerSanityTest@46daef40]" name="DragandDropTheAssets" duration-ms="11955" started-at="2021-02-01T14:01:49 IST" description="DragandDropTheAssets" finished-at="2021-02-01T14:02:01 IST">
          <reporter-output>
          </reporter-output>
        </test-method> <!-- DragandDropTheAssets -->
        <test-method status="FAIL" signature="StoryTellerLaunch()[pri:4, instance:com.crm.qa.testcases.StoryTellerSanityTest@46daef40]" name="StoryTellerLaunch" duration-ms="21359" started-at="2021-02-01T14:02:01 IST" description="StoryTellerLaunch" finished-at="2021-02-01T14:02:22 IST">
          <exception class="org.openqa.selenium.TimeoutException">
            <message>
              <![CDATA[Expected condition failed: waiting for element to no longer be visible: By.id: globalWaiting (tried for 20 second(s) with 500 milliseconds interval)
Build info: version: '3.141.59', revision: 'e82be7d358', time: '2018-11-14T08:17:03'
System info: host: 'PFTBLR-RMZ-099', ip: '10.1.178.25', os.name: 'Windows 10', os.arch: 'amd64', os.version: '10.0', java.version: '1.8.0_211'
Driver info: org.openqa.selenium.chrome.ChromeDriver
Capabilities {acceptInsecureCerts: false, browserName: chrome, browserVersion: 88.0.4324.104, chrome: {chromedriverVersion: 88.0.4324.96 (68dba2d8a0b14..., userDataDir: C:\Users\pallavi.tr\AppData...}, goog:chromeOptions: {debuggerAddress: localhost:52800}, javascriptEnabled: true, networkConnectionEnabled: false, pageLoadStrategy: normal, platform: WINDOWS, platformName: WINDOWS, proxy: Proxy(), setWindowRect: true, strictFileInteractability: false, timeouts: {implicit: 0, pageLoad: 300000, script: 30000}, unhandledPromptBehavior: dismiss and notify, webauthn:extension:largeBlob: true, webauthn:virtualAuthenticators: true}
Session ID: 6b7ce54de50082d8cfea164067e9c435]]>
            </message>
            <full-stacktrace>
              <![CDATA[org.openqa.selenium.TimeoutException: Expected condition failed: waiting for element to no longer be visible: By.id: globalWaiting (tried for 20 second(s) with 500 milliseconds interval)
Build info: version: '3.141.59', revision: 'e82be7d358', time: '2018-11-14T08:17:03'
System info: host: 'PFTBLR-RMZ-099', ip: '10.1.178.25', os.name: 'Windows 10', os.arch: 'amd64', os.version: '10.0', java.version: '1.8.0_211'
Driver info: org.openqa.selenium.chrome.ChromeDriver
Capabilities {acceptInsecureCerts: false, browserName: chrome, browserVersion: 88.0.4324.104, chrome: {chromedriverVersion: 88.0.4324.96 (68dba2d8a0b14..., userDataDir: C:\Users\pallavi.tr\AppData...}, goog:chromeOptions: {debuggerAddress: localhost:52800}, javascriptEnabled: true, networkConnectionEnabled: false, pageLoadStrategy: normal, platform: WINDOWS, platformName: WINDOWS, proxy: Proxy(), setWindowRect: true, strictFileInteractability: false, timeouts: {implicit: 0, pageLoad: 300000, script: 30000}, unhandledPromptBehavior: dismiss and notify, webauthn:extension:largeBlob: true, webauthn:virtualAuthenticators: true}
Session ID: 6b7ce54de50082d8cfea164067e9c435
at org.openqa.selenium.support.ui.WebDriverWait.timeoutException(WebDriverWait.java:95)
at org.openqa.selenium.support.ui.FluentWait.until(FluentWait.java:272)
at com.crm.qa.util.TestUtil.waitUntilLoadingSymbolGoesOff(TestUtil.java:88)
at com.crm.qa.pages.LibraryPage.ClickOnStoryTellericon(LibraryPage.java:94)
at com.crm.qa.testcases.StoryTellerSanityTest.StoryTellerLaunch(StoryTellerSanityTest.java:64)
at sun.reflect.NativeMethodAccessorImpl.invoke0(Native Method)
at sun.reflect.NativeMethodAccessorImpl.invoke(NativeMethodAccessorImpl.java:62)
at sun.reflect.DelegatingMethodAccessorImpl.invoke(DelegatingMethodAccessorImpl.java:43)
at java.lang.reflect.Method.invoke(Method.java:498)
at org.testng.internal.MethodInvocationHelper.invokeMethod(MethodInvocationHelper.java:133)
at org.testng.internal.TestInvoker.invokeMethod(TestInvoker.java:584)
at org.testng.internal.TestInvoker.invokeTestMethod(TestInvoker.java:172)
at org.testng.internal.MethodRunner.runInSequence(MethodRunner.java:46)
at org.testng.internal.TestInvoker$MethodInvocationAgent.invoke(TestInvoker.java:804)
at org.testng.internal.TestInvoker.invokeTestMethods(TestInvoker.java:145)
at org.testng.internal.TestMethodWorker.invokeTestMethods(TestMethodWorker.java:146)
at org.testng.internal.TestMethodWorker.run(TestMethodWorker.java:128)
at java.util.ArrayList.forEach(ArrayList.java:1257)
at org.testng.TestRunner.privateRun(TestRunner.java:770)
at org.testng.TestRunner.run(TestRunner.java:591)
at org.testng.SuiteRunner.runTest(SuiteRunner.java:402)
at org.testng.SuiteRunner.runSequentially(SuiteRunner.java:396)
at org.testng.SuiteRunner.privateRun(SuiteRunner.java:355)
at org.testng.SuiteRunner.run(SuiteRunner.java:304)
at org.testng.SuiteRunnerWorker.runSuite(SuiteRunnerWorker.java:53)
at org.testng.SuiteRunnerWorker.run(SuiteRunnerWorker.java:96)
at org.testng.TestNG.runSuitesSequentially(TestNG.java:1180)
at org.testng.TestNG.runSuitesLocally(TestNG.java:1102)
at org.testng.TestNG.runSuites(TestNG.java:1032)
at org.testng.TestNG.run(TestNG.java:1000)
at org.testng.remote.AbstractRemoteTestNG.run(AbstractRemoteTestNG.java:115)
at org.testng.remote.RemoteTestNG.initAndRun(RemoteTestNG.java:251)
at org.testng.remote.RemoteTestNG.main(RemoteTestNG.java:77)
]]>
            </full-stacktrace>
          </exception> <!-- org.openqa.selenium.TimeoutException -->
          <reporter-output>
          </reporter-output>
        </test-method> <!-- StoryTellerLaunch -->
        <test-method status="FAIL" signature="AddSegments()[pri:5, instance:com.crm.qa.testcases.StoryTellerSanityTest@46daef40]" name="AddSegments" duration-ms="41" started-at="2021-02-01T14:02:23 IST" description="AddSegments" finished-at="2021-02-01T14:02:23 IST">
          <exception class="java.lang.NullPointerException">
            <full-stacktrace>
              <![CDATA[java.lang.NullPointerException
at com.crm.qa.testcases.StoryTellerSanityTest.AddSegments(StoryTellerSanityTest.java:71)
at sun.reflect.NativeMethodAccessorImpl.invoke0(Native Method)
at sun.reflect.NativeMethodAccessorImpl.invoke(NativeMethodAccessorImpl.java:62)
at sun.reflect.DelegatingMethodAccessorImpl.invoke(DelegatingMethodAccessorImpl.java:43)
at java.lang.reflect.Method.invoke(Method.java:498)
at org.testng.internal.MethodInvocationHelper.invokeMethod(MethodInvocationHelper.java:133)
at org.testng.internal.TestInvoker.invokeMethod(TestInvoker.java:584)
at org.testng.internal.TestInvoker.invokeTestMethod(TestInvoker.java:172)
at org.testng.internal.MethodRunner.runInSequence(MethodRunner.java:46)
at org.testng.internal.TestInvoker$MethodInvocationAgent.invoke(TestInvoker.java:804)
at org.testng.internal.TestInvoker.invokeTestMethods(TestInvoker.java:145)
at org.testng.internal.TestMethodWorker.invokeTestMethods(TestMethodWorker.java:146)
at org.testng.internal.TestMethodWorker.run(TestMethodWorker.java:128)
at java.util.ArrayList.forEach(ArrayList.java:1257)
at org.testng.TestRunner.privateRun(TestRunner.java:770)
at org.testng.TestRunner.run(TestRunner.java:591)
at org.testng.SuiteRunner.runTest(SuiteRunner.java:402)
at org.testng.SuiteRunner.runSequentially(SuiteRunner.java:396)
at org.testng.SuiteRunner.privateRun(SuiteRunner.java:355)
at org.testng.SuiteRunner.run(SuiteRunner.java:304)
at org.testng.SuiteRunnerWorker.runSuite(SuiteRunnerWorker.java:53)
at org.testng.SuiteRunnerWorker.run(SuiteRunnerWorker.java:96)
at org.testng.TestNG.runSuitesSequentially(TestNG.java:1180)
at org.testng.TestNG.runSuitesLocally(TestNG.java:1102)
at org.testng.TestNG.runSuites(TestNG.java:1032)
at org.testng.TestNG.run(TestNG.java:1000)
at org.testng.remote.AbstractRemoteTestNG.run(AbstractRemoteTestNG.java:115)
at org.testng.remote.RemoteTestNG.initAndRun(RemoteTestNG.java:251)
at org.testng.remote.RemoteTestNG.main(RemoteTestNG.java:77)
]]>
            </full-stacktrace>
          </exception> <!-- java.lang.NullPointerException -->
          <reporter-output>
          </reporter-output>
        </test-method> <!-- AddSegments -->
      </class> <!-- com.crm.qa.testcases.StoryTellerSanityTest -->
    </test> <!-- Default test -->
  </suite> <!-- Default suite -->
</testng-results>
